This file contains any messages produced by compilers while
running configure, to aid debugging if configure makes a mistake.

It was created by Tramp configure 2.1.8, which was
generated by GNU Autoconf 2.60.  Invocation command line was

  $ ./configure --with-contrib --prefix=/usr/share

## --------- ##
## Platform. ##
## --------- ##

hostname = siedem
uname -m = i686
uname -r = 2.6.18.2-34-bigsmp
uname -s = Linux
uname -v = #1 SMP Mon Nov 27 11:46:27 UTC 2006

/usr/bin/uname -p = unknown
/bin/uname -X     = unknown

/bin/arch              = i686
/usr/bin/arch -k       = unknown
/usr/convex/getsysinfo = unknown
/usr/bin/hostinfo      = unknown
/bin/machine           = unknown
/usr/bin/oslevel       = unknown
/bin/universe          = unknown

PATH: /home/min/bin
PATH: /sbin
PATH: /usr/sbin
PATH: /usr/local/sbin
PATH: /opt/gnome/sbin
PATH: /root/bin
PATH: /usr/local/bin
PATH: /usr/bin
PATH: /usr/X11R6/bin
PATH: /bin
PATH: /usr/games
PATH: /opt/gnome/bin
PATH: /opt/kde3/bin
PATH: /usr/lib/jvm/jre/bin
PATH: /usr/lib/mit/bin
PATH: /usr/lib/mit/sbin
PATH: /usr/lib/mit/bin
PATH: /usr/lib/mit/sbin
PATH: /opt/thunderbird
PATH: /opt/MozillaFirefox
PATH: .


## ----------- ##
## Core tests. ##
## ----------- ##

configure:1637: Tramp 2.1.8
configure:1650: checking for gmake
configure:1666: found /usr/bin/gmake
configure:1677: result: gmake
configure:1695: checking for reasonable gmake version
configure:1698: result: ok
configure:1708: checking whether gmake sets $(MAKE)
configure:1729: result: yes
configure:1811: checking for emacs
configure:1828: found /usr/bin/emacs
configure:1840: result: yes
configure:1855: checking for emacs flavor
emacs --no-site-file -batch -eval (let ((x (if (featurep 'xemacs) "yes" "no"))) (write-region (if (stringp x) (princ x) (prin1-to-string x)) nil "./conftest-20583"))
=> no
configure:1902: result: emacs
configure:1917: checking for emacs version
emacs --no-site-file -batch -eval (let ((x (if (or (< emacs-major-version 21)	(and (featurep 'xemacs)	     (< emacs-minor-version 4)))    (format "Tramp 2.1.8 is not fit for %s"	    (when (string-match "^.*$" (emacs-version))	      (match-string 0 (emacs-version))))    "ok"))) (write-region (if (stringp x) (princ x) (prin1-to-string x)) nil "./conftest-20583"))
=> ok
configure:1960: result: ok
configure:1978: checking for base64.el
emacs --no-site-file -batch -eval (let ((x (progn (load "base64.el" t) (fboundp 'base64-encode-region)))) (write-region (if (stringp x) (princ x) (prin1-to-string x)) nil "./conftest-20583"))
=> t
configure:2063: result: ok
configure:2071: checking for format-spec.el
emacs --no-site-file -batch -eval (let ((x (progn (load "format-spec.el" t) (fboundp 'format-spec)))) (write-region (if (stringp x) (princ x) (prin1-to-string x)) nil "./conftest-20583"))
=> nil
configure:2133: result: linked to contrib directory
configure:2164: checking for md5.el
emacs --no-site-file -batch -eval (let ((x (progn (load "md5.el" t) (fboundp 'md5)))) (write-region (if (stringp x) (princ x) (prin1-to-string x)) nil "./conftest-20583"))
=> t
configure:2249: result: ok
configure:2257: checking for password.el
emacs --no-site-file -batch -eval (let ((x (progn (load "password.el" t) (fboundp 'password-cache-add)))) (write-region (if (stringp x) (princ x) (prin1-to-string x)) nil "./conftest-20583"))
=> nil
configure:2319: result: linked to contrib directory
configure:2350: checking for uudecode.el
emacs --no-site-file -batch -eval (let ((x (progn (load "uudecode.el" t) (fboundp 'uudecode-decode-region)))) (write-region (if (stringp x) (princ x) (prin1-to-string x)) nil "./conftest-20583"))
=> t
configure:2435: result: ok
configure:2538: checking for run-at-time.el
emacs --no-site-file -batch -eval (let ((x (progn (load "run-at-time.el" t) (fboundp 'run-at-time)))) (write-region (if (stringp x) (princ x) (prin1-to-string x)) nil "./conftest-20583"))
=> t
configure:2623: result: ok
configure:2634: checking for makeinfo
configure:2650: found /usr/bin/makeinfo
configure:2662: result: makeinfo
configure:2676: checking for reasonable makeinfo version
configure:2680: result: ok
configure:2694: checking for texi2dvi
configure:2710: found /usr/bin/texi2dvi
configure:2722: result: texi2dvi
configure:2734: checking for reasonable texi2dvi version
configure:2739: result: ok
configure:2756: checking for install-info
configure:2772: found /sbin/install-info
configure:2783: result: install-info
configure:2846: checking for installation chapter
configure:2855: result: yes
configure:2865: checking for japanese manual
configure:2874: result: no
configure:2882: checking prefix 
configure:2890: result: /usr/share
configure:2893: checking datadir
configure:2908: result: ${prefix}/share
configure:2917: checking lispdir
configure:2926: result: ${datadir}/emacs/site-lisp
configure:2931: checking infodir
configure:2958: result: ${prefix}/share/info
configure:2975: checking for ftp-upload
configure:3003: result: no
configure:3160: creating ./config.status

## ---------------------- ##
## Running config.status. ##
## ---------------------- ##

This file was extended by Tramp config.status 2.1.8, which was
generated by GNU Autoconf 2.60.  Invocation command line was

  CONFIG_FILES    = 
  CONFIG_HEADERS  = 
  CONFIG_LINKS    = 
  CONFIG_COMMANDS = 
  $ ./config.status 

on siedem

config.status:572: creating Makefile
config.status:572: creating contrib/Makefile
config.status:703: WARNING:  contrib/Makefile.in seems to ignore the --datarootdir setting
config.status:572: creating lisp/Makefile
config.status:703: WARNING:  lisp/Makefile.in seems to ignore the --datarootdir setting
config.status:572: creating lisp/trampver.el
config.status:572: creating texi/Makefile
config.status:703: WARNING:  texi/Makefile.in seems to ignore the --datarootdir setting
config.status:572: creating texi/trampver.texi

## ---------------- ##
## Cache variables. ##
## ---------------- ##

EMACS_cv_SYS_base64_encode_region=t
EMACS_cv_SYS_emacs_version=ok
EMACS_cv_SYS_format_spec=nil
EMACS_cv_SYS_md5=t
EMACS_cv_SYS_password_cache_add=nil
EMACS_cv_SYS_run_at_time=t
EMACS_cv_SYS_uudecode_decode_region=t
EMACS_cv_SYS_xemacsp=no
ac_cv_env_build_alias_set=
ac_cv_env_build_alias_value=
ac_cv_env_host_alias_set=
ac_cv_env_host_alias_value=
ac_cv_env_target_alias_set=
ac_cv_env_target_alias_value=
ac_cv_prog_EMACS_test_emacs=yes
ac_cv_prog_FTP_UPLOAD=no
ac_cv_prog_INSTALL_INFO=install-info
ac_cv_prog_MAKE=gmake
ac_cv_prog_MAKEINFO=makeinfo
ac_cv_prog_TEXI2DVI=texi2dvi
ac_cv_prog_make_gmake_set=yes

## ----------------- ##
## Output variables. ##
## ----------------- ##

DEFS='-DPACKAGE_NAME=\"Tramp\" -DPACKAGE_TARNAME=\"tramp\" -DPACKAGE_VERSION=\"2.1.8\" -DPACKAGE_STRING=\"Tramp\ 2.1.8\" -DPACKAGE_BUGREPORT=\"tramp-devel@gnu.org\"'
ECHO_C=''
ECHO_N='-n'
ECHO_T=''
EMACS='emacs'
EMACS_INFO='emacs'
EMACS_test_emacs='yes'
FTP_UPLOAD='no'
INSTALL_CHAPTER='yes'
INSTALL_INFO='install-info'
JA_MANUAL='no'
LIBOBJS=''
LIBS=''
LTLIBOBJS=''
MAKE='gmake'
MAKEINFO='makeinfo'
PACKAGE_BUGREPORT='tramp-devel@gnu.org'
PACKAGE_NAME='Tramp'
PACKAGE_STRING='Tramp 2.1.8'
PACKAGE_TARNAME='tramp'
PACKAGE_VERSION='2.1.8'
PATH_SEPARATOR=':'
SET_MAKE=''
SHELL='/bin/sh'
TEXI2DVI='texi2dvi'
TRAMP_CLEAN_FILES='.\\\#* \\\#* .*~ *~ *.aux *.cp *.cps *.diff *.dvi *.elc *.fn *.fns *.html *.info *.ky *.log *.pg *.tmp *.toc *.tp *.vr *.vrs'
TRAMP_CONFIG_FILES='Makefile contrib/Makefile lisp/Makefile lisp/trampver.el texi/Makefile texi/trampver.texi'
TRAMP_CONTRIB_FILES='password.el format-spec.el '
TRAMP_EMACS_MERGE_VERSION='2.0.44'
TRAMP_EMACS_VERSION_CHECK='(if (or (< emacs-major-version 21)	(and (featurep '\''xemacs)	     (< emacs-minor-version 4)))    (format "Tramp 2.1.8 is not fit for %s"	    (when (string-match "^.*$" (emacs-version))	      (match-string 0 (emacs-version))))    "ok")'
bindir='${exec_prefix}/bin'
build_alias=''
datadir='${prefix}/share'
datadir_default='${prefix}/share'
datarootdir='${prefix}/share'
docdir='${datarootdir}/doc/${PACKAGE_TARNAME}'
dvidir='${docdir}'
exec_prefix='${prefix}'
host_alias=''
htmldir='${docdir}'
includedir='${prefix}/include'
infodir='${prefix}/share/info'
infodir_default='/usr/share/info'
libdir='${exec_prefix}/lib'
libexecdir='${exec_prefix}/libexec'
lispdir='${datadir}/emacs/site-lisp'
lispdir_default='/usr/share/share/emacs/site-lisp'
localedir='${datarootdir}/locale'
localstatedir='${prefix}/var'
mandir='${datarootdir}/man'
oldincludedir='/usr/include'
pdfdir='${docdir}'
prefix='/usr/share'
prefix_default='/usr/local'
program_transform_name='s,x,x,'
psdir='${docdir}'
sbindir='${exec_prefix}/sbin'
sharedstatedir='${prefix}/com'
sysconfdir='${prefix}/etc'
target_alias=''

## ----------- ##
## confdefs.h. ##
## ----------- ##

#define PACKAGE_NAME "Tramp"
#define PACKAGE_TARNAME "tramp"
#define PACKAGE_VERSION "2.1.8"
#define PACKAGE_STRING "Tramp 2.1.8"
#define PACKAGE_BUGREPORT "tramp-devel@gnu.org"

configure: exit 0
